G:\VS2017  Install Path\Install-Dirctory\Common7\IDE\VC\VCTargets\Microsoft.CppBuild.targets(377,5): warning MSB8004: Output 目录未以斜杠结尾。  此生成实例将添加斜杠，因为必须有这个斜杠才能正确计算 Output 目录。
  DeviceManagerDlg.cpp
d:\vs workspace\cefdlgmfcapp\cefdlgmfcapp\cefdlgmfcapp\cefmanager\simpleclient.h(206): warning C4244: “初始化”: 从“__int64”转换到“unsigned int”，可能丢失数据
d:\vs workspace\cefdlgmfcapp\cefdlgmfcapp\cefdlgmfcapp\cefmanager\simpleclient.h(207): warning C4244: “参数”: 从“__int64”转换到“size_t”，可能丢失数据
d:\vs workspace\cefdlgmfcapp\cefdlgmfcapp\cefdlgmfcapp\cefmanager\simpleclient.h(211): warning C4244: “初始化”: 从“__int64”转换到“unsigned int”，可能丢失数据
d:\vs workspace\cefdlgmfcapp\cefdlgmfcapp\cefdlgmfcapp\cefmanager\simpleclient.h(212): warning C4244: “参数”: 从“__int64”转换到“size_t”，可能丢失数据
d:\vs workspace\cefdlgmfcapp\cefdlgmfcapp\cefdlgmfcapp\cefmanager\simpleclient.h(217): warning C4244: “参数”: 从“__int64”转换到“int”，可能丢失数据
  正在生成代码
  0 of 1243 functions ( 0.0%) were compiled, the rest were copied from previous compilation.
    0 functions were new in current compilation
    0 functions had inline decision re-evaluated but remain unchanged
  已完成代码的生成
libcef_dll_wrapper.lib(transfer_util.obj) : warning LNK4099: 未找到 PDB“libcef_dll_wrapper.pdb”(使用“libcef_dll_wrapper.lib(transfer_util.obj)”或在“D:\VS Workspace\CEFDlgMFCApp\CEFDlgMFCApp\CEFDlgMFCApp\Release\libcef_dll_wrapper.pdb”中寻找)；正在链接对象，如同没有调试信息一样
libcef_dll_wrapper.lib(cef_callback_internal.obj) : warning LNK4099: 未找到 PDB“libcef_dll_wrapper.pdb”(使用“libcef_dll_wrapper.lib(cef_callback_internal.obj)”或在“D:\VS Workspace\CEFDlgMFCApp\CEFDlgMFCApp\CEFDlgMFCApp\Release\libcef_dll_wrapper.pdb”中寻找)；正在链接对象，如同没有调试信息一样
libcef_dll_wrapper.lib(cef_lock_impl.obj) : warning LNK4099: 未找到 PDB“libcef_dll_wrapper.pdb”(使用“libcef_dll_wrapper.lib(cef_lock_impl.obj)”或在“D:\VS Workspace\CEFDlgMFCApp\CEFDlgMFCApp\CEFDlgMFCApp\Release\libcef_dll_wrapper.pdb”中寻找)；正在链接对象，如同没有调试信息一样
libcef_dll_wrapper.lib(cef_logging.obj) : warning LNK4099: 未找到 PDB“libcef_dll_wrapper.pdb”(使用“libcef_dll_wrapper.lib(cef_logging.obj)”或在“D:\VS Workspace\CEFDlgMFCApp\CEFDlgMFCApp\CEFDlgMFCApp\Release\libcef_dll_wrapper.pdb”中寻找)；正在链接对象，如同没有调试信息一样
libcef_dll_wrapper.lib(cef_ref_counted.obj) : warning LNK4099: 未找到 PDB“libcef_dll_wrapper.pdb”(使用“libcef_dll_wrapper.lib(cef_ref_counted.obj)”或在“D:\VS Workspace\CEFDlgMFCApp\CEFDlgMFCApp\CEFDlgMFCApp\Release\libcef_dll_wrapper.pdb”中寻找)；正在链接对象，如同没有调试信息一样
libcef_dll_wrapper.lib(cef_weak_ptr.obj) : warning LNK4099: 未找到 PDB“libcef_dll_wrapper.pdb”(使用“libcef_dll_wrapper.lib(cef_weak_ptr.obj)”或在“D:\VS Workspace\CEFDlgMFCApp\CEFDlgMFCApp\CEFDlgMFCApp\Release\libcef_dll_wrapper.pdb”中寻找)；正在链接对象，如同没有调试信息一样
libcef_dll_wrapper.lib(accessibility_handler_cpptoc.obj) : warning LNK4099: 未找到 PDB“libcef_dll_wrapper.pdb”(使用“libcef_dll_wrapper.lib(accessibility_handler_cpptoc.obj)”或在“D:\VS Workspace\CEFDlgMFCApp\CEFDlgMFCApp\CEFDlgMFCApp\Release\libcef_dll_wrapper.pdb”中寻找)；正在链接对象，如同没有调试信息一样
libcef_dll_wrapper.lib(app_cpptoc.obj) : warning LNK4099: 未找到 PDB“libcef_dll_wrapper.pdb”(使用“libcef_dll_wrapper.lib(app_cpptoc.obj)”或在“D:\VS Workspace\CEFDlgMFCApp\CEFDlgMFCApp\CEFDlgMFCApp\Release\libcef_dll_wrapper.pdb”中寻找)；正在链接对象，如同没有调试信息一样
libcef_dll_wrapper.lib(base_ref_counted_cpptoc.obj) : warning LNK4099: 未找到 PDB“libcef_dll_wrapper.pdb”(使用“libcef_dll_wrapper.lib(base_ref_counted_cpptoc.obj)”或在“D:\VS Workspace\CEFDlgMFCApp\CEFDlgMFCApp\CEFDlgMFCApp\Release\libcef_dll_wrapper.pdb”中寻找)；正在链接对象，如同没有调试信息一样
libcef_dll_wrapper.lib(browser_process_handler_cpptoc.obj) : warning LNK4099: 未找到 PDB“libcef_dll_wrapper.pdb”(使用“libcef_dll_wrapper.lib(browser_process_handler_cpptoc.obj)”或在“D:\VS Workspace\CEFDlgMFCApp\CEFDlgMFCApp\CEFDlgMFCApp\Release\libcef_dll_wrapper.pdb”中寻找)；正在链接对象，如同没有调试信息一样
libcef_dll_wrapper.lib(client_cpptoc.obj) : warning LNK4099: 未找到 PDB“libcef_dll_wrapper.pdb”(使用“libcef_dll_wrapper.lib(client_cpptoc.obj)”或在“D:\VS Workspace\CEFDlgMFCApp\CEFDlgMFCApp\CEFDlgMFCApp\Release\libcef_dll_wrapper.pdb”中寻找)；正在链接对象，如同没有调试信息一样
libcef_dll_wrapper.lib(completion_callback_cpptoc.obj) : warning LNK4099: 未找到 PDB“libcef_dll_wrapper.pdb”(使用“libcef_dll_wrapper.lib(completion_callback_cpptoc.obj)”或在“D:\VS Workspace\CEFDlgMFCApp\CEFDlgMFCApp\CEFDlgMFCApp\Release\libcef_dll_wrapper.pdb”中寻找)；正在链接对象，如同没有调试信息一样
libcef_dll_wrapper.lib(context_menu_handler_cpptoc.obj) : warning LNK4099: 未找到 PDB“libcef_dll_wrapper.pdb”(使用“libcef_dll_wrapper.lib(context_menu_handler_cpptoc.obj)”或在“D:\VS Workspace\CEFDlgMFCApp\CEFDlgMFCApp\CEFDlgMFCApp\Release\libcef_dll_wrapper.pdb”中寻找)；正在链接对象，如同没有调试信息一样
libcef_dll_wrapper.lib(cookie_visitor_cpptoc.obj) : warning LNK4099: 未找到 PDB“libcef_dll_wrapper.pdb”(使用“libcef_dll_wrapper.lib(cookie_visitor_cpptoc.obj)”或在“D:\VS Workspace\CEFDlgMFCApp\CEFDlgMFCApp\CEFDlgMFCApp\Release\libcef_dll_wrapper.pdb”中寻找)；正在链接对象，如同没有调试信息一样
libcef_dll_wrapper.lib(delete_cookies_callback_cpptoc.obj) : warning LNK4099: 未找到 PDB“libcef_dll_wrapper.pdb”(使用“libcef_dll_wrapper.lib(delete_cookies_callback_cpptoc.obj)”或在“D:\VS Workspace\CEFDlgMFCApp\CEFDlgMFCApp\CEFDlgMFCApp\Release\libcef_dll_wrapper.pdb”中寻找)；正在链接对象，如同没有调试信息一样
libcef_dll_wrapper.lib(dialog_handler_cpptoc.obj) : warning LNK4099: 未找到 PDB“libcef_dll_wrapper.pdb”(使用“libcef_dll_wrapper.lib(dialog_handler_cpptoc.obj)”或在“D:\VS Workspace\CEFDlgMFCApp\CEFDlgMFCApp\CEFDlgMFCApp\Release\libcef_dll_wrapper.pdb”中寻找)；正在链接对象，如同没有调试信息一样
libcef_dll_wrapper.lib(display_handler_cpptoc.obj) : warning LNK4099: 未找到 PDB“libcef_dll_wrapper.pdb”(使用“libcef_dll_wrapper.lib(display_handler_cpptoc.obj)”或在“D:\VS Workspace\CEFDlgMFCApp\CEFDlgMFCApp\CEFDlgMFCApp\Release\libcef_dll_wrapper.pdb”中寻找)；正在链接对象，如同没有调试信息一样
libcef_dll_wrapper.lib(domvisitor_cpptoc.obj) : warning LNK4099: 未找到 PDB“libcef_dll_wrapper.pdb”(使用“libcef_dll_wrapper.lib(domvisitor_cpptoc.obj)”或在“D:\VS Workspace\CEFDlgMFCApp\CEFDlgMFCApp\CEFDlgMFCApp\Release\libcef_dll_wrapper.pdb”中寻找)；正在链接对象，如同没有调试信息一样
libcef_dll_wrapper.lib(download_handler_cpptoc.obj) : warning LNK4099: 未找到 PDB“libcef_dll_wrapper.pdb”(使用“libcef_dll_wrapper.lib(download_handler_cpptoc.obj)”或在“D:\VS Workspace\CEFDlgMFCApp\CEFDlgMFCApp\CEFDlgMFCApp\Release\libcef_dll_wrapper.pdb”中寻找)；正在链接对象，如同没有调试信息一样
libcef_dll_wrapper.lib(download_image_callback_cpptoc.obj) : warning LNK4099: 未找到 PDB“libcef_dll_wrapper.pdb”(使用“libcef_dll_wrapper.lib(download_image_callback_cpptoc.obj)”或在“D:\VS Workspace\CEFDlgMFCApp\CEFDlgMFCApp\CEFDlgMFCApp\Release\libcef_dll_wrapper.pdb”中寻找)；正在链接对象，如同没有调试信息一样
libcef_dll_wrapper.lib(drag_handler_cpptoc.obj) : warning LNK4099: 未找到 PDB“libcef_dll_wrapper.pdb”(使用“libcef_dll_wrapper.lib(drag_handler_cpptoc.obj)”或在“D:\VS Workspace\CEFDlgMFCApp\CEFDlgMFCApp\CEFDlgMFCApp\Release\libcef_dll_wrapper.pdb”中寻找)；正在链接对象，如同没有调试信息一样
libcef_dll_wrapper.lib(end_tracing_callback_cpptoc.obj) : warning LNK4099: 未找到 PDB“libcef_dll_wrapper.pdb”(使用“libcef_dll_wrapper.lib(end_tracing_callback_cpptoc.obj)”或在“D:\VS Workspace\CEFDlgMFCApp\CEFDlgMFCApp\CEFDlgMFCApp\Release\libcef_dll_wrapper.pdb”中寻找)；正在链接对象，如同没有调试信息一样
libcef_dll_wrapper.lib(extension_handler_cpptoc.obj) : warning LNK4099: 未找到 PDB“libcef_dll_wrapper.pdb”(使用“libcef_dll_wrapper.lib(extension_handler_cpptoc.obj)”或在“D:\VS Workspace\CEFDlgMFCApp\CEFDlgMFCApp\CEFDlgMFCApp\Release\libcef_dll_wrapper.pdb”中寻找)；正在链接对象，如同没有调试信息一样
libcef_dll_wrapper.lib(find_handler_cpptoc.obj) : warning LNK4099: 未找到 PDB“libcef_dll_wrapper.pdb”(使用“libcef_dll_wrapper.lib(find_handler_cpptoc.obj)”或在“D:\VS Workspace\CEFDlgMFCApp\CEFDlgMFCApp\CEFDlgMFCApp\Release\libcef_dll_wrapper.pdb”中寻找)；正在链接对象，如同没有调试信息一样
libcef_dll_wrapper.lib(focus_handler_cpptoc.obj) : warning LNK4099: 未找到 PDB“libcef_dll_wrapper.pdb”(使用“libcef_dll_wrapper.lib(focus_handler_cpptoc.obj)”或在“D:\VS Workspace\CEFDlgMFCApp\CEFDlgMFCApp\CEFDlgMFCApp\Release\libcef_dll_wrapper.pdb”中寻找)；正在链接对象，如同没有调试信息一样
libcef_dll_wrapper.lib(geolocation_handler_cpptoc.obj) : warning LNK4099: 未找到 PDB“libcef_dll_wrapper.pdb”(使用“libcef_dll_wrapper.lib(geolocation_handler_cpptoc.obj)”或在“D:\VS Workspace\CEFDlgMFCApp\CEFDlgMFCApp\CEFDlgMFCApp\Release\libcef_dll_wrapper.pdb”中寻找)；正在链接对象，如同没有调试信息一样
libcef_dll_wrapper.lib(get_geolocation_callback_cpptoc.obj) : warning LNK4099: 未找到 PDB“libcef_dll_wrapper.pdb”(使用“libcef_dll_wrapper.lib(get_geolocation_callback_cpptoc.obj)”或在“D:\VS Workspace\CEFDlgMFCApp\CEFDlgMFCApp\CEFDlgMFCApp\Release\libcef_dll_wrapper.pdb”中寻找)；正在链接对象，如同没有调试信息一样
libcef_dll_wrapper.lib(jsdialog_handler_cpptoc.obj) : warning LNK4099: 未找到 PDB“libcef_dll_wrapper.pdb”(使用“libcef_dll_wrapper.lib(jsdialog_handler_cpptoc.obj)”或在“D:\VS Workspace\CEFDlgMFCApp\CEFDlgMFCApp\CEFDlgMFCApp\Release\libcef_dll_wrapper.pdb”中寻找)；正在链接对象，如同没有调试信息一样
libcef_dll_wrapper.lib(keyboard_handler_cpptoc.obj) : warning LNK4099: 未找到 PDB“libcef_dll_wrapper.pdb”(使用“libcef_dll_wrapper.lib(keyboard_handler_cpptoc.obj)”或在“D:\VS Workspace\CEFDlgMFCApp\CEFDlgMFCApp\CEFDlgMFCApp\Release\libcef_dll_wrapper.pdb”中寻找)；正在链接对象，如同没有调试信息一样
libcef_dll_wrapper.lib(life_span_handler_cpptoc.obj) : warning LNK4099: 未找到 PDB“libcef_dll_wrapper.pdb”(使用“libcef_dll_wrapper.lib(life_span_handler_cpptoc.obj)”或在“D:\VS Workspace\CEFDlgMFCApp\CEFDlgMFCApp\CEFDlgMFCApp\Release\libcef_dll_wrapper.pdb”中寻找)；正在链接对象，如同没有调试信息一样
libcef_dll_wrapper.lib(load_handler_cpptoc.obj) : warning LNK4099: 未找到 PDB“libcef_dll_wrapper.pdb”(使用“libcef_dll_wrapper.lib(load_handler_cpptoc.obj)”或在“D:\VS Workspace\CEFDlgMFCApp\CEFDlgMFCApp\CEFDlgMFCApp\Release\libcef_dll_wrapper.pdb”中寻找)；正在链接对象，如同没有调试信息一样
libcef_dll_wrapper.lib(menu_model_delegate_cpptoc.obj) : warning LNK4099: 未找到 PDB“libcef_dll_wrapper.pdb”(使用“libcef_dll_wrapper.lib(menu_model_delegate_cpptoc.obj)”或在“D:\VS Workspace\CEFDlgMFCApp\CEFDlgMFCApp\CEFDlgMFCApp\Release\libcef_dll_wrapper.pdb”中寻找)；正在链接对象，如同没有调试信息一样
libcef_dll_wrapper.lib(navigation_entry_visitor_cpptoc.obj) : warning LNK4099: 未找到 PDB“libcef_dll_wrapper.pdb”(使用“libcef_dll_wrapper.lib(navigation_entry_visitor_cpptoc.obj)”或在“D:\VS Workspace\CEFDlgMFCApp\CEFDlgMFCApp\CEFDlgMFCApp\Release\libcef_dll_wrapper.pdb”中寻找)；正在链接对象，如同没有调试信息一样
libcef_dll_wrapper.lib(pdf_print_callback_cpptoc.obj) : warning LNK4099: 未找到 PDB“libcef_dll_wrapper.pdb”(使用“libcef_dll_wrapper.lib(pdf_print_callback_cpptoc.obj)”或在“D:\VS Workspace\CEFDlgMFCApp\CEFDlgMFCApp\CEFDlgMFCApp\Release\libcef_dll_wrapper.pdb”中寻找)；正在链接对象，如同没有调试信息一样
libcef_dll_wrapper.lib(print_handler_cpptoc.obj) : warning LNK4099: 未找到 PDB“libcef_dll_wrapper.pdb”(使用“libcef_dll_wrapper.lib(print_handler_cpptoc.obj)”或在“D:\VS Workspace\CEFDlgMFCApp\CEFDlgMFCApp\CEFDlgMFCApp\Release\libcef_dll_wrapper.pdb”中寻找)；正在链接对象，如同没有调试信息一样
libcef_dll_wrapper.lib(read_handler_cpptoc.obj) : warning LNK4099: 未找到 PDB“libcef_dll_wrapper.pdb”(使用“libcef_dll_wrapper.lib(read_handler_cpptoc.obj)”或在“D:\VS Workspace\CEFDlgMFCApp\CEFDlgMFCApp\CEFDlgMFCApp\Release\libcef_dll_wrapper.pdb”中寻找)；正在链接对象，如同没有调试信息一样
libcef_dll_wrapper.lib(register_cdm_callback_cpptoc.obj) : warning LNK4099: 未找到 PDB“libcef_dll_wrapper.pdb”(使用“libcef_dll_wrapper.lib(register_cdm_callback_cpptoc.obj)”或在“D:\VS Workspace\CEFDlgMFCApp\CEFDlgMFCApp\CEFDlgMFCApp\Release\libcef_dll_wrapper.pdb”中寻找)；正在链接对象，如同没有调试信息一样
libcef_dll_wrapper.lib(render_handler_cpptoc.obj) : warning LNK4099: 未找到 PDB“libcef_dll_wrapper.pdb”(使用“libcef_dll_wrapper.lib(render_handler_cpptoc.obj)”或在“D:\VS Workspace\CEFDlgMFCApp\CEFDlgMFCApp\CEFDlgMFCApp\Release\libcef_dll_wrapper.pdb”中寻找)；正在链接对象，如同没有调试信息一样
libcef_dll_wrapper.lib(render_process_handler_cpptoc.obj) : warning LNK4099: 未找到 PDB“libcef_dll_wrapper.pdb”(使用“libcef_dll_wrapper.lib(render_process_handler_cpptoc.obj)”或在“D:\VS Workspace\CEFDlgMFCApp\CEFDlgMFCApp\CEFDlgMFCApp\Release\libcef_dll_wrapper.pdb”中寻找)；正在链接对象，如同没有调试信息一样
libcef_dll_wrapper.lib(request_context_handler_cpptoc.obj) : warning LNK4099: 未找到 PDB“libcef_dll_wrapper.pdb”(使用“libcef_dll_wrapper.lib(request_context_handler_cpptoc.obj)”或在“D:\VS Workspace\CEFDlgMFCApp\CEFDlgMFCApp\CEFDlgMFCApp\Release\libcef_dll_wrapper.pdb”中寻找)；正在链接对象，如同没有调试信息一样
libcef_dll_wrapper.lib(request_handler_cpptoc.obj) : warning LNK4099: 未找到 PDB“libcef_dll_wrapper.pdb”(使用“libcef_dll_wrapper.lib(request_handler_cpptoc.obj)”或在“D:\VS Workspace\CEFDlgMFCApp\CEFDlgMFCApp\CEFDlgMFCApp\Release\libcef_dll_wrapper.pdb”中寻找)；正在链接对象，如同没有调试信息一样
libcef_dll_wrapper.lib(resolve_callback_cpptoc.obj) : warning LNK4099: 未找到 PDB“libcef_dll_wrapper.pdb”(使用“libcef_dll_wrapper.lib(resolve_callback_cpptoc.obj)”或在“D:\VS Workspace\CEFDlgMFCApp\CEFDlgMFCApp\CEFDlgMFCApp\Release\libcef_dll_wrapper.pdb”中寻找)；正在链接对象，如同没有调试信息一样
libcef_dll_wrapper.lib(resource_bundle_handler_cpptoc.obj) : warning LNK4099: 未找到 PDB“libcef_dll_wrapper.pdb”(使用“libcef_dll_wrapper.lib(resource_bundle_handler_cpptoc.obj)”或在“D:\VS Workspace\CEFDlgMFCApp\CEFDlgMFCApp\CEFDlgMFCApp\Release\libcef_dll_wrapper.pdb”中寻找)；正在链接对象，如同没有调试信息一样
libcef_dll_wrapper.lib(resource_handler_cpptoc.obj) : warning LNK4099: 未找到 PDB“libcef_dll_wrapper.pdb”(使用“libcef_dll_wrapper.lib(resource_handler_cpptoc.obj)”或在“D:\VS Workspace\CEFDlgMFCApp\CEFDlgMFCApp\CEFDlgMFCApp\Release\libcef_dll_wrapper.pdb”中寻找)；正在链接对象，如同没有调试信息一样
libcef_dll_wrapper.lib(response_filter_cpptoc.obj) : warning LNK4099: 未找到 PDB“libcef_dll_wrapper.pdb”(使用“libcef_dll_wrapper.lib(response_filter_cpptoc.obj)”或在“D:\VS Workspace\CEFDlgMFCApp\CEFDlgMFCApp\CEFDlgMFCApp\Release\libcef_dll_wrapper.pdb”中寻找)；正在链接对象，如同没有调试信息一样
libcef_dll_wrapper.lib(run_file_dialog_callback_cpptoc.obj) : warning LNK4099: 未找到 PDB“libcef_dll_wrapper.pdb”(使用“libcef_dll_wrapper.lib(run_file_dialog_callback_cpptoc.obj)”或在“D:\VS Workspace\CEFDlgMFCApp\CEFDlgMFCApp\CEFDlgMFCApp\Release\libcef_dll_wrapper.pdb”中寻找)；正在链接对象，如同没有调试信息一样
libcef_dll_wrapper.lib(scheme_handler_factory_cpptoc.obj) : warning LNK4099: 未找到 PDB“libcef_dll_wrapper.pdb”(使用“libcef_dll_wrapper.lib(scheme_handler_factory_cpptoc.obj)”或在“D:\VS Workspace\CEFDlgMFCApp\CEFDlgMFCApp\CEFDlgMFCApp\Release\libcef_dll_wrapper.pdb”中寻找)；正在链接对象，如同没有调试信息一样
libcef_dll_wrapper.lib(set_cookie_callback_cpptoc.obj) : warning LNK4099: 未找到 PDB“libcef_dll_wrapper.pdb”(使用“libcef_dll_wrapper.lib(set_cookie_callback_cpptoc.obj)”或在“D:\VS Workspace\CEFDlgMFCApp\CEFDlgMFCApp\CEFDlgMFCApp\Release\libcef_dll_wrapper.pdb”中寻找)；正在链接对象，如同没有调试信息一样
libcef_dll_wrapper.lib(string_visitor_cpptoc.obj) : warning LNK4099: 未找到 PDB“libcef_dll_wrapper.pdb”(使用“libcef_dll_wrapper.lib(string_visitor_cpptoc.obj)”或在“D:\VS Workspace\CEFDlgMFCApp\CEFDlgMFCApp\CEFDlgMFCApp\Release\libcef_dll_wrapper.pdb”中寻找)；正在链接对象，如同没有调试信息一样
libcef_dll_wrapper.lib(task_cpptoc.obj) : warning LNK4099: 未找到 PDB“libcef_dll_wrapper.pdb”(使用“libcef_dll_wrapper.lib(task_cpptoc.obj)”或在“D:\VS Workspace\CEFDlgMFCApp\CEFDlgMFCApp\CEFDlgMFCApp\Release\libcef_dll_wrapper.pdb”中寻找)；正在链接对象，如同没有调试信息一样
libcef_dll_wrapper.lib(v8accessor_cpptoc.obj) : warning LNK4099: 未找到 PDB“libcef_dll_wrapper.pdb”(使用“libcef_dll_wrapper.lib(v8accessor_cpptoc.obj)”或在“D:\VS Workspace\CEFDlgMFCApp\CEFDlgMFCApp\CEFDlgMFCApp\Release\libcef_dll_wrapper.pdb”中寻找)；正在链接对象，如同没有调试信息一样
libcef_dll_wrapper.lib(v8handler_cpptoc.obj) : warning LNK4099: 未找到 PDB“libcef_dll_wrapper.pdb”(使用“libcef_dll_wrapper.lib(v8handler_cpptoc.obj)”或在“D:\VS Workspace\CEFDlgMFCApp\CEFDlgMFCApp\CEFDlgMFCApp\Release\libcef_dll_wrapper.pdb”中寻找)；正在链接对象，如同没有调试信息一样
libcef_dll_wrapper.lib(v8interceptor_cpptoc.obj) : warning LNK4099: 未找到 PDB“libcef_dll_wrapper.pdb”(使用“libcef_dll_wrapper.lib(v8interceptor_cpptoc.obj)”或在“D:\VS Workspace\CEFDlgMFCApp\CEFDlgMFCApp\CEFDlgMFCApp\Release\libcef_dll_wrapper.pdb”中寻找)；正在链接对象，如同没有调试信息一样
libcef_dll_wrapper.lib(web_plugin_info_visitor_cpptoc.obj) : warning LNK4099: 未找到 PDB“libcef_dll_wrapper.pdb”(使用“libcef_dll_wrapper.lib(web_plugin_info_visitor_cpptoc.obj)”或在“D:\VS Workspace\CEFDlgMFCApp\CEFDlgMFCApp\CEFDlgMFCApp\Release\libcef_dll_wrapper.pdb”中寻找)；正在链接对象，如同没有调试信息一样
libcef_dll_wrapper.lib(web_plugin_unstable_callback_cpptoc.obj) : warning LNK4099: 未找到 PDB“libcef_dll_wrapper.pdb”(使用“libcef_dll_wrapper.lib(web_plugin_unstable_callback_cpptoc.obj)”或在“D:\VS Workspace\CEFDlgMFCApp\CEFDlgMFCApp\CEFDlgMFCApp\Release\libcef_dll_wrapper.pdb”中寻找)；正在链接对象，如同没有调试信息一样
libcef_dll_wrapper.lib(write_handler_cpptoc.obj) : warning LNK4099: 未找到 PDB“libcef_dll_wrapper.pdb”(使用“libcef_dll_wrapper.lib(write_handler_cpptoc.obj)”或在“D:\VS Workspace\CEFDlgMFCApp\CEFDlgMFCApp\CEFDlgMFCApp\Release\libcef_dll_wrapper.pdb”中寻找)；正在链接对象，如同没有调试信息一样
libcef_dll_wrapper.lib(auth_callback_ctocpp.obj) : warning LNK4099: 未找到 PDB“libcef_dll_wrapper.pdb”(使用“libcef_dll_wrapper.lib(auth_callback_ctocpp.obj)”或在“D:\VS Workspace\CEFDlgMFCApp\CEFDlgMFCApp\CEFDlgMFCApp\Release\libcef_dll_wrapper.pdb”中寻找)；正在链接对象，如同没有调试信息一样
libcef_dll_wrapper.lib(before_download_callback_ctocpp.obj) : warning LNK4099: 未找到 PDB“libcef_dll_wrapper.pdb”(使用“libcef_dll_wrapper.lib(before_download_callback_ctocpp.obj)”或在“D:\VS Workspace\CEFDlgMFCApp\CEFDlgMFCApp\CEFDlgMFCApp\Release\libcef_dll_wrapper.pdb”中寻找)；正在链接对象，如同没有调试信息一样
libcef_dll_wrapper.lib(binary_value_ctocpp.obj) : warning LNK4099: 未找到 PDB“libcef_dll_wrapper.pdb”(使用“libcef_dll_wrapper.lib(binary_value_ctocpp.obj)”或在“D:\VS Workspace\CEFDlgMFCApp\CEFDlgMFCApp\CEFDlgMFCApp\Release\libcef_dll_wrapper.pdb”中寻找)；正在链接对象，如同没有调试信息一样
libcef_dll_wrapper.lib(browser_ctocpp.obj) : warning LNK4099: 未找到 PDB“libcef_dll_wrapper.pdb”(使用“libcef_dll_wrapper.lib(browser_ctocpp.obj)”或在“D:\VS Workspace\CEFDlgMFCApp\CEFDlgMFCApp\CEFDlgMFCApp\Release\libcef_dll_wrapper.pdb”中寻找)；正在链接对象，如同没有调试信息一样
libcef_dll_wrapper.lib(browser_host_ctocpp.obj) : warning LNK4099: 未找到 PDB“libcef_dll_wrapper.pdb”(使用“libcef_dll_wrapper.lib(browser_host_ctocpp.obj)”或在“D:\VS Workspace\CEFDlgMFCApp\CEFDlgMFCApp\CEFDlgMFCApp\Release\libcef_dll_wrapper.pdb”中寻找)；正在链接对象，如同没有调试信息一样
libcef_dll_wrapper.lib(callback_ctocpp.obj) : warning LNK4099: 未找到 PDB“libcef_dll_wrapper.pdb”(使用“libcef_dll_wrapper.lib(callback_ctocpp.obj)”或在“D:\VS Workspace\CEFDlgMFCApp\CEFDlgMFCApp\CEFDlgMFCApp\Release\libcef_dll_wrapper.pdb”中寻找)；正在链接对象，如同没有调试信息一样
libcef_dll_wrapper.lib(command_line_ctocpp.obj) : warning LNK4099: 未找到 PDB“libcef_dll_wrapper.pdb”(使用“libcef_dll_wrapper.lib(command_line_ctocpp.obj)”或在“D:\VS Workspace\CEFDlgMFCApp\CEFDlgMFCApp\CEFDlgMFCApp\Release\libcef_dll_wrapper.pdb”中寻找)；正在链接对象，如同没有调试信息一样
libcef_dll_wrapper.lib(context_menu_params_ctocpp.obj) : warning LNK4099: 未找到 PDB“libcef_dll_wrapper.pdb”(使用“libcef_dll_wrapper.lib(context_menu_params_ctocpp.obj)”或在“D:\VS Workspace\CEFDlgMFCApp\CEFDlgMFCApp\CEFDlgMFCApp\Release\libcef_dll_wrapper.pdb”中寻找)；正在链接对象，如同没有调试信息一样
libcef_dll_wrapper.lib(cookie_manager_ctocpp.obj) : warning LNK4099: 未找到 PDB“libcef_dll_wrapper.pdb”(使用“libcef_dll_wrapper.lib(cookie_manager_ctocpp.obj)”或在“D:\VS Workspace\CEFDlgMFCApp\CEFDlgMFCApp\CEFDlgMFCApp\Release\libcef_dll_wrapper.pdb”中寻找)；正在链接对象，如同没有调试信息一样
libcef_dll_wrapper.lib(dictionary_value_ctocpp.obj) : warning LNK4099: 未找到 PDB“libcef_dll_wrapper.pdb”(使用“libcef_dll_wrapper.lib(dictionary_value_ctocpp.obj)”或在“D:\VS Workspace\CEFDlgMFCApp\CEFDlgMFCApp\CEFDlgMFCApp\Release\libcef_dll_wrapper.pdb”中寻找)；正在链接对象，如同没有调试信息一样
libcef_dll_wrapper.lib(domdocument_ctocpp.obj) : warning LNK4099: 未找到 PDB“libcef_dll_wrapper.pdb”(使用“libcef_dll_wrapper.lib(domdocument_ctocpp.obj)”或在“D:\VS Workspace\CEFDlgMFCApp\CEFDlgMFCApp\CEFDlgMFCApp\Release\libcef_dll_wrapper.pdb”中寻找)；正在链接对象，如同没有调试信息一样
libcef_dll_wrapper.lib(domnode_ctocpp.obj) : warning LNK4099: 未找到 PDB“libcef_dll_wrapper.pdb”(使用“libcef_dll_wrapper.lib(domnode_ctocpp.obj)”或在“D:\VS Workspace\CEFDlgMFCApp\CEFDlgMFCApp\CEFDlgMFCApp\Release\libcef_dll_wrapper.pdb”中寻找)；正在链接对象，如同没有调试信息一样
libcef_dll_wrapper.lib(download_item_callback_ctocpp.obj) : warning LNK4099: 未找到 PDB“libcef_dll_wrapper.pdb”(使用“libcef_dll_wrapper.lib(download_item_callback_ctocpp.obj)”或在“D:\VS Workspace\CEFDlgMFCApp\CEFDlgMFCApp\CEFDlgMFCApp\Release\libcef_dll_wrapper.pdb”中寻找)；正在链接对象，如同没有调试信息一样
libcef_dll_wrapper.lib(download_item_ctocpp.obj) : warning LNK4099: 未找到 PDB“libcef_dll_wrapper.pdb”(使用“libcef_dll_wrapper.lib(download_item_ctocpp.obj)”或在“D:\VS Workspace\CEFDlgMFCApp\CEFDlgMFCApp\CEFDlgMFCApp\Release\libcef_dll_wrapper.pdb”中寻找)；正在链接对象，如同没有调试信息一样
libcef_dll_wrapper.lib(drag_data_ctocpp.obj) : warning LNK4099: 未找到 PDB“libcef_dll_wrapper.pdb”(使用“libcef_dll_wrapper.lib(drag_data_ctocpp.obj)”或在“D:\VS Workspace\CEFDlgMFCApp\CEFDlgMFCApp\CEFDlgMFCApp\Release\libcef_dll_wrapper.pdb”中寻找)；正在链接对象，如同没有调试信息一样
libcef_dll_wrapper.lib(extension_ctocpp.obj) : warning LNK4099: 未找到 PDB“libcef_dll_wrapper.pdb”(使用“libcef_dll_wrapper.lib(extension_ctocpp.obj)”或在“D:\VS Workspace\CEFDlgMFCApp\CEFDlgMFCApp\CEFDlgMFCApp\Release\libcef_dll_wrapper.pdb”中寻找)；正在链接对象，如同没有调试信息一样
libcef_dll_wrapper.lib(file_dialog_callback_ctocpp.obj) : warning LNK4099: 未找到 PDB“libcef_dll_wrapper.pdb”(使用“libcef_dll_wrapper.lib(file_dialog_callback_ctocpp.obj)”或在“D:\VS Workspace\CEFDlgMFCApp\CEFDlgMFCApp\CEFDlgMFCApp\Release\libcef_dll_wrapper.pdb”中寻找)；正在链接对象，如同没有调试信息一样
libcef_dll_wrapper.lib(frame_ctocpp.obj) : warning LNK4099: 未找到 PDB“libcef_dll_wrapper.pdb”(使用“libcef_dll_wrapper.lib(frame_ctocpp.obj)”或在“D:\VS Workspace\CEFDlgMFCApp\CEFDlgMFCApp\CEFDlgMFCApp\Release\libcef_dll_wrapper.pdb”中寻找)；正在链接对象，如同没有调试信息一样
libcef_dll_wrapper.lib(geolocation_callback_ctocpp.obj) : warning LNK4099: 未找到 PDB“libcef_dll_wrapper.pdb”(使用“libcef_dll_wrapper.lib(geolocation_callback_ctocpp.obj)”或在“D:\VS Workspace\CEFDlgMFCApp\CEFDlgMFCApp\CEFDlgMFCApp\Release\libcef_dll_wrapper.pdb”中寻找)；正在链接对象，如同没有调试信息一样
libcef_dll_wrapper.lib(get_extension_resource_callback_ctocpp.obj) : warning LNK4099: 未找到 PDB“libcef_dll_wrapper.pdb”(使用“libcef_dll_wrapper.lib(get_extension_resource_callback_ctocpp.obj)”或在“D:\VS Workspace\CEFDlgMFCApp\CEFDlgMFCApp\CEFDlgMFCApp\Release\libcef_dll_wrapper.pdb”中寻找)；正在链接对象，如同没有调试信息一样
libcef_dll_wrapper.lib(image_ctocpp.obj) : warning LNK4099: 未找到 PDB“libcef_dll_wrapper.pdb”(使用“libcef_dll_wrapper.lib(image_ctocpp.obj)”或在“D:\VS Workspace\CEFDlgMFCApp\CEFDlgMFCApp\CEFDlgMFCApp\Release\libcef_dll_wrapper.pdb”中寻找)；正在链接对象，如同没有调试信息一样
libcef_dll_wrapper.lib(jsdialog_callback_ctocpp.obj) : warning LNK4099: 未找到 PDB“libcef_dll_wrapper.pdb”(使用“libcef_dll_wrapper.lib(jsdialog_callback_ctocpp.obj)”或在“D:\VS Workspace\CEFDlgMFCApp\CEFDlgMFCApp\CEFDlgMFCApp\Release\libcef_dll_wrapper.pdb”中寻找)；正在链接对象，如同没有调试信息一样
libcef_dll_wrapper.lib(list_value_ctocpp.obj) : warning LNK4099: 未找到 PDB“libcef_dll_wrapper.pdb”(使用“libcef_dll_wrapper.lib(list_value_ctocpp.obj)”或在“D:\VS Workspace\CEFDlgMFCApp\CEFDlgMFCApp\CEFDlgMFCApp\Release\libcef_dll_wrapper.pdb”中寻找)；正在链接对象，如同没有调试信息一样
libcef_dll_wrapper.lib(menu_model_ctocpp.obj) : warning LNK4099: 未找到 PDB“libcef_dll_wrapper.pdb”(使用“libcef_dll_wrapper.lib(menu_model_ctocpp.obj)”或在“D:\VS Workspace\CEFDlgMFCApp\CEFDlgMFCApp\CEFDlgMFCApp\Release\libcef_dll_wrapper.pdb”中寻找)；正在链接对象，如同没有调试信息一样
libcef_dll_wrapper.lib(navigation_entry_ctocpp.obj) : warning LNK4099: 未找到 PDB“libcef_dll_wrapper.pdb”(使用“libcef_dll_wrapper.lib(navigation_entry_ctocpp.obj)”或在“D:\VS Workspace\CEFDlgMFCApp\CEFDlgMFCApp\CEFDlgMFCApp\Release\libcef_dll_wrapper.pdb”中寻找)；正在链接对象，如同没有调试信息一样
libcef_dll_wrapper.lib(post_data_ctocpp.obj) : warning LNK4099: 未找到 PDB“libcef_dll_wrapper.pdb”(使用“libcef_dll_wrapper.lib(post_data_ctocpp.obj)”或在“D:\VS Workspace\CEFDlgMFCApp\CEFDlgMFCApp\CEFDlgMFCApp\Release\libcef_dll_wrapper.pdb”中寻找)；正在链接对象，如同没有调试信息一样
libcef_dll_wrapper.lib(post_data_element_ctocpp.obj) : warning LNK4099: 未找到 PDB“libcef_dll_wrapper.pdb”(使用“libcef_dll_wrapper.lib(post_data_element_ctocpp.obj)”或在“D:\VS Workspace\CEFDlgMFCApp\CEFDlgMFCApp\CEFDlgMFCApp\Release\libcef_dll_wrapper.pdb”中寻找)；正在链接对象，如同没有调试信息一样
libcef_dll_wrapper.lib(print_dialog_callback_ctocpp.obj) : warning LNK4099: 未找到 PDB“libcef_dll_wrapper.pdb”(使用“libcef_dll_wrapper.lib(print_dialog_callback_ctocpp.obj)”或在“D:\VS Workspace\CEFDlgMFCApp\CEFDlgMFCApp\CEFDlgMFCApp\Release\libcef_dll_wrapper.pdb”中寻找)；正在链接对象，如同没有调试信息一样
libcef_dll_wrapper.lib(print_job_callback_ctocpp.obj) : warning LNK4099: 未找到 PDB“libcef_dll_wrapper.pdb”(使用“libcef_dll_wrapper.lib(print_job_callback_ctocpp.obj)”或在“D:\VS Workspace\CEFDlgMFCApp\CEFDlgMFCApp\CEFDlgMFCApp\Release\libcef_dll_wrapper.pdb”中寻找)；正在链接对象，如同没有调试信息一样
libcef_dll_wrapper.lib(print_settings_ctocpp.obj) : warning LNK4099: 未找到 PDB“libcef_dll_wrapper.pdb”(使用“libcef_dll_wrapper.lib(print_settings_ctocpp.obj)”或在“D:\VS Workspace\CEFDlgMFCApp\CEFDlgMFCApp\CEFDlgMFCApp\Release\libcef_dll_wrapper.pdb”中寻找)；正在链接对象，如同没有调试信息一样
libcef_dll_wrapper.lib(process_message_ctocpp.obj) : warning LNK4099: 未找到 PDB“libcef_dll_wrapper.pdb”(使用“libcef_dll_wrapper.lib(process_message_ctocpp.obj)”或在“D:\VS Workspace\CEFDlgMFCApp\CEFDlgMFCApp\CEFDlgMFCApp\Release\libcef_dll_wrapper.pdb”中寻找)；正在链接对象，如同没有调试信息一样
libcef_dll_wrapper.lib(request_callback_ctocpp.obj) : warning LNK4099: 未找到 PDB“libcef_dll_wrapper.pdb”(使用“libcef_dll_wrapper.lib(request_callback_ctocpp.obj)”或在“D:\VS Workspace\CEFDlgMFCApp\CEFDlgMFCApp\CEFDlgMFCApp\Release\libcef_dll_wrapper.pdb”中寻找)；正在链接对象，如同没有调试信息一样
libcef_dll_wrapper.lib(request_context_ctocpp.obj) : warning LNK4099: 未找到 PDB“libcef_dll_wrapper.pdb”(使用“libcef_dll_wrapper.lib(request_context_ctocpp.obj)”或在“D:\VS Workspace\CEFDlgMFCApp\CEFDlgMFCApp\CEFDlgMFCApp\Release\libcef_dll_wrapper.pdb”中寻找)；正在链接对象，如同没有调试信息一样
libcef_dll_wrapper.lib(request_ctocpp.obj) : warning LNK4099: 未找到 PDB“libcef_dll_wrapper.pdb”(使用“libcef_dll_wrapper.lib(request_ctocpp.obj)”或在“D:\VS Workspace\CEFDlgMFCApp\CEFDlgMFCApp\CEFDlgMFCApp\Release\libcef_dll_wrapper.pdb”中寻找)；正在链接对象，如同没有调试信息一样
libcef_dll_wrapper.lib(response_ctocpp.obj) : warning LNK4099: 未找到 PDB“libcef_dll_wrapper.pdb”(使用“libcef_dll_wrapper.lib(response_ctocpp.obj)”或在“D:\VS Workspace\CEFDlgMFCApp\CEFDlgMFCApp\CEFDlgMFCApp\Release\libcef_dll_wrapper.pdb”中寻找)；正在链接对象，如同没有调试信息一样
libcef_dll_wrapper.lib(run_context_menu_callback_ctocpp.obj) : warning LNK4099: 未找到 PDB“libcef_dll_wrapper.pdb”(使用“libcef_dll_wrapper.lib(run_context_menu_callback_ctocpp.obj)”或在“D:\VS Workspace\CEFDlgMFCApp\CEFDlgMFCApp\CEFDlgMFCApp\Release\libcef_dll_wrapper.pdb”中寻找)；正在链接对象，如同没有调试信息一样
libcef_dll_wrapper.lib(scheme_registrar_ctocpp.obj) : warning LNK4099: 未找到 PDB“libcef_dll_wrapper.pdb”(使用“libcef_dll_wrapper.lib(scheme_registrar_ctocpp.obj)”或在“D:\VS Workspace\CEFDlgMFCApp\CEFDlgMFCApp\CEFDlgMFCApp\Release\libcef_dll_wrapper.pdb”中寻找)；正在链接对象，如同没有调试信息一样
libcef_dll_wrapper.lib(select_client_certificate_callback_ctocpp.obj) : warning LNK4099: 未找到 PDB“libcef_dll_wrapper.pdb”(使用“libcef_dll_wrapper.lib(select_client_certificate_callback_ctocpp.obj)”或在“D:\VS Workspace\CEFDlgMFCApp\CEFDlgMFCApp\CEFDlgMFCApp\Release\libcef_dll_wrapper.pdb”中寻找)；正在链接对象，如同没有调试信息一样
libcef_dll_wrapper.lib(sslinfo_ctocpp.obj) : warning LNK4099: 未找到 PDB“libcef_dll_wrapper.pdb”(使用“libcef_dll_wrapper.lib(sslinfo_ctocpp.obj)”或在“D:\VS Workspace\CEFDlgMFCApp\CEFDlgMFCApp\CEFDlgMFCApp\Release\libcef_dll_wrapper.pdb”中寻找)；正在链接对象，如同没有调试信息一样
libcef_dll_wrapper.lib(sslstatus_ctocpp.obj) : warning LNK4099: 未找到 PDB“libcef_dll_wrapper.pdb”(使用“libcef_dll_wrapper.lib(sslstatus_ctocpp.obj)”或在“D:\VS Workspace\CEFDlgMFCApp\CEFDlgMFCApp\CEFDlgMFCApp\Release\libcef_dll_wrapper.pdb”中寻找)；正在链接对象，如同没有调试信息一样
libcef_dll_wrapper.lib(stream_reader_ctocpp.obj) : warning LNK4099: 未找到 PDB“libcef_dll_wrapper.pdb”(使用“libcef_dll_wrapper.lib(stream_reader_ctocpp.obj)”或在“D:\VS Workspace\CEFDlgMFCApp\CEFDlgMFCApp\CEFDlgMFCApp\Release\libcef_dll_wrapper.pdb”中寻找)；正在链接对象，如同没有调试信息一样
libcef_dll_wrapper.lib(stream_writer_ctocpp.obj) : warning LNK4099: 未找到 PDB“libcef_dll_wrapper.pdb”(使用“libcef_dll_wrapper.lib(stream_writer_ctocpp.obj)”或在“D:\VS Workspace\CEFDlgMFCApp\CEFDlgMFCApp\CEFDlgMFCApp\Release\libcef_dll_wrapper.pdb”中寻找)；正在链接对象，如同没有调试信息一样
libcef_dll_wrapper.lib(task_runner_ctocpp.obj) : warning LNK4099: 未找到 PDB“libcef_dll_wrapper.pdb”(使用“libcef_dll_wrapper.lib(task_runner_ctocpp.obj)”或在“D:\VS Workspace\CEFDlgMFCApp\CEFDlgMFCApp\CEFDlgMFCApp\Release\libcef_dll_wrapper.pdb”中寻找)；正在链接对象，如同没有调试信息一样
libcef_dll_wrapper.lib(v8context_ctocpp.obj) : warning LNK4099: 未找到 PDB“libcef_dll_wrapper.pdb”(使用“libcef_dll_wrapper.lib(v8context_ctocpp.obj)”或在“D:\VS Workspace\CEFDlgMFCApp\CEFDlgMFCApp\CEFDlgMFCApp\Release\libcef_dll_wrapper.pdb”中寻找)；正在链接对象，如同没有调试信息一样
libcef_dll_wrapper.lib(v8exception_ctocpp.obj) : warning LNK4099: 未找到 PDB“libcef_dll_wrapper.pdb”(使用“libcef_dll_wrapper.lib(v8exception_ctocpp.obj)”或在“D:\VS Workspace\CEFDlgMFCApp\CEFDlgMFCApp\CEFDlgMFCApp\Release\libcef_dll_wrapper.pdb”中寻找)；正在链接对象，如同没有调试信息一样
libcef_dll_wrapper.lib(v8stack_frame_ctocpp.obj) : warning LNK4099: 未找到 PDB“libcef_dll_wrapper.pdb”(使用“libcef_dll_wrapper.lib(v8stack_frame_ctocpp.obj)”或在“D:\VS Workspace\CEFDlgMFCApp\CEFDlgMFCApp\CEFDlgMFCApp\Release\libcef_dll_wrapper.pdb”中寻找)；正在链接对象，如同没有调试信息一样
libcef_dll_wrapper.lib(v8stack_trace_ctocpp.obj) : warning LNK4099: 未找到 PDB“libcef_dll_wrapper.pdb”(使用“libcef_dll_wrapper.lib(v8stack_trace_ctocpp.obj)”或在“D:\VS Workspace\CEFDlgMFCApp\CEFDlgMFCApp\CEFDlgMFCApp\Release\libcef_dll_wrapper.pdb”中寻找)；正在链接对象，如同没有调试信息一样
libcef_dll_wrapper.lib(v8value_ctocpp.obj) : warning LNK4099: 未找到 PDB“libcef_dll_wrapper.pdb”(使用“libcef_dll_wrapper.lib(v8value_ctocpp.obj)”或在“D:\VS Workspace\CEFDlgMFCApp\CEFDlgMFCApp\CEFDlgMFCApp\Release\libcef_dll_wrapper.pdb”中寻找)；正在链接对象，如同没有调试信息一样
libcef_dll_wrapper.lib(value_ctocpp.obj) : warning LNK4099: 未找到 PDB“libcef_dll_wrapper.pdb”(使用“libcef_dll_wrapper.lib(value_ctocpp.obj)”或在“D:\VS Workspace\CEFDlgMFCApp\CEFDlgMFCApp\CEFDlgMFCApp\Release\libcef_dll_wrapper.pdb”中寻找)；正在链接对象，如同没有调试信息一样
libcef_dll_wrapper.lib(web_plugin_info_ctocpp.obj) : warning LNK4099: 未找到 PDB“libcef_dll_wrapper.pdb”(使用“libcef_dll_wrapper.lib(web_plugin_info_ctocpp.obj)”或在“D:\VS Workspace\CEFDlgMFCApp\CEFDlgMFCApp\CEFDlgMFCApp\Release\libcef_dll_wrapper.pdb”中寻找)；正在链接对象，如同没有调试信息一样
libcef_dll_wrapper.lib(x509cert_principal_ctocpp.obj) : warning LNK4099: 未找到 PDB“libcef_dll_wrapper.pdb”(使用“libcef_dll_wrapper.lib(x509cert_principal_ctocpp.obj)”或在“D:\VS Workspace\CEFDlgMFCApp\CEFDlgMFCApp\CEFDlgMFCApp\Release\libcef_dll_wrapper.pdb”中寻找)；正在链接对象，如同没有调试信息一样
libcef_dll_wrapper.lib(x509certificate_ctocpp.obj) : warning LNK4099: 未找到 PDB“libcef_dll_wrapper.pdb”(使用“libcef_dll_wrapper.lib(x509certificate_ctocpp.obj)”或在“D:\VS Workspace\CEFDlgMFCApp\CEFDlgMFCApp\CEFDlgMFCApp\Release\libcef_dll_wrapper.pdb”中寻找)；正在链接对象，如同没有调试信息一样
libcef_dll_wrapper.lib(zip_reader_ctocpp.obj) : warning LNK4099: 未找到 PDB“libcef_dll_wrapper.pdb”(使用“libcef_dll_wrapper.lib(zip_reader_ctocpp.obj)”或在“D:\VS Workspace\CEFDlgMFCApp\CEFDlgMFCApp\CEFDlgMFCApp\Release\libcef_dll_wrapper.pdb”中寻找)；正在链接对象，如同没有调试信息一样
libcef_dll_wrapper.lib(cef_byte_read_handler.obj) : warning LNK4099: 未找到 PDB“libcef_dll_wrapper.pdb”(使用“libcef_dll_wrapper.lib(cef_byte_read_handler.obj)”或在“D:\VS Workspace\CEFDlgMFCApp\CEFDlgMFCApp\CEFDlgMFCApp\Release\libcef_dll_wrapper.pdb”中寻找)；正在链接对象，如同没有调试信息一样
libcef_dll_wrapper.lib(cef_closure_task.obj) : warning LNK4099: 未找到 PDB“libcef_dll_wrapper.pdb”(使用“libcef_dll_wrapper.lib(cef_closure_task.obj)”或在“D:\VS Workspace\CEFDlgMFCApp\CEFDlgMFCApp\CEFDlgMFCApp\Release\libcef_dll_wrapper.pdb”中寻找)；正在链接对象，如同没有调试信息一样
libcef_dll_wrapper.lib(cef_resource_manager.obj) : warning LNK4099: 未找到 PDB“libcef_dll_wrapper.pdb”(使用“libcef_dll_wrapper.lib(cef_resource_manager.obj)”或在“D:\VS Workspace\CEFDlgMFCApp\CEFDlgMFCApp\CEFDlgMFCApp\Release\libcef_dll_wrapper.pdb”中寻找)；正在链接对象，如同没有调试信息一样
libcef_dll_wrapper.lib(cef_stream_resource_handler.obj) : warning LNK4099: 未找到 PDB“libcef_dll_wrapper.pdb”(使用“libcef_dll_wrapper.lib(cef_stream_resource_handler.obj)”或在“D:\VS Workspace\CEFDlgMFCApp\CEFDlgMFCApp\CEFDlgMFCApp\Release\libcef_dll_wrapper.pdb”中寻找)；正在链接对象，如同没有调试信息一样
libcef_dll_wrapper.lib(cef_zip_archive.obj) : warning LNK4099: 未找到 PDB“libcef_dll_wrapper.pdb”(使用“libcef_dll_wrapper.lib(cef_zip_archive.obj)”或在“D:\VS Workspace\CEFDlgMFCApp\CEFDlgMFCApp\CEFDlgMFCApp\Release\libcef_dll_wrapper.pdb”中寻找)；正在链接对象，如同没有调试信息一样
libcef_dll_wrapper.lib(libcef_dll_wrapper.obj) : warning LNK4099: 未找到 PDB“libcef_dll_wrapper.pdb”(使用“libcef_dll_wrapper.lib(libcef_dll_wrapper.obj)”或在“D:\VS Workspace\CEFDlgMFCApp\CEFDlgMFCApp\CEFDlgMFCApp\Release\libcef_dll_wrapper.pdb”中寻找)；正在链接对象，如同没有调试信息一样
  CEFDlgMFCApp.vcxproj -> D:\VS Workspace\CEFDlgMFCApp\CEFDlgMFCApp\CEFDlgMFCApp\Release\CEFDlgMFCApp.exe
